[21:17:54] [ServerMain/WARN]: Invalid registry value type detected for PerfOS counters. Should be REG_DWORD. Ignoring: HKEY_LOCAL_MACHINE\SYSTEM\CurrentControlSet\Services\PerfOS\Performance\Disable Performance Counters.
[21:18:02] [ServerMain/INFO]: Environment: Environment[sessionHost=https://sessionserver.mojang.com, servicesHost=https://api.minecraftservices.com, profilesHost=https://api.mojang.com, name=PROD]
[21:18:05] [ServerMain/INFO]: Loaded 1515 recipes
[21:18:05] [ServerMain/INFO]: Loaded 1617 advancements
[21:18:05] [Server thread/INFO]: Starting minecraft server version 26.1.2
[21:18:05] [Server thread/INFO]: Loading properties
[21:18:05] [Server thread/INFO]: Default game type: SURVIVAL
[21:18:05] [Server thread/INFO]: Generating keypair
[21:18:05] [Server thread/INFO]: Starting Minecraft server on *:25565
[21:18:06] [Server thread/WARN]: **** SERVER IS RUNNING IN OFFLINE/INSECURE MODE!
[21:18:06] [Server thread/WARN]: The server will make no attempt to authenticate usernames. Beware.
[21:18:06] [Server thread/WARN]: While this makes the game possible to play without internet access, it also opens up the ability for hackers to connect with any username they choose.
[21:18:06] [Server thread/WARN]: To change this, set "online-mode" to "true" in the server.properties file.
[21:18:06] [Server thread/INFO]: Preparing level "world"
[21:18:06] [Server thread/INFO]: Loading 0 persistent chunks...
[21:18:06] [Server thread/INFO]: Preparing spawn area: 100%
[21:18:06] [Server thread/INFO]: Time elapsed: 24 ms
[21:18:06] [Server thread/INFO]: Done (0.505s)! For help, type "help"
[21:18:06] [Server thread/INFO]: Saving chunks for level 'ServerLevel[world]'/minecraft:overworld
[21:18:06] [Server thread/INFO]: Saving chunks for level 'ServerLevel[world]'/minecraft:the_end
[21:18:06] [Server thread/INFO]: Saving chunks for level 'ServerLevel[world]'/minecraft:the_nether
[21:18:06] [Server thread/INFO]: ThreadedAnvilChunkStorage (world): All chunks are saved
[21:18:06] [Server thread/INFO]: ThreadedAnvilChunkStorage (DIM1): All chunks are saved
[21:18:06] [Server thread/INFO]: ThreadedAnvilChunkStorage (DIM-1): All chunks are saved
[21:18:06] [Server thread/INFO]: ThreadedAnvilChunkStorage: All dimensions are saved
[21:18:58] [Server thread/INFO]: NewBorntodie[/127.0.0.1:52379] logged in with entity id 88 at (-59.67623942764473, 96.64626732634481, 29.530488874778392)
[21:18:58] [Server thread/INFO]: NewBorntodie joined the game
[21:19:01] [Server thread/WARN]: Can't keep up! Is the server overloaded? Running 2079ms or 41 ticks behind
[21:19:14] [Server thread/INFO]: NewBorntodie lost connection: Disconnected
[21:19:14] [Server thread/INFO]: NewBorntodie left the game
[21:20:11] [Server thread/INFO]: Server empty for 60 seconds, pausing
[21:21:15] [Server thread/INFO]: Stopping the server
[21:21:15] [Server thread/INFO]: Stopping server
[21:21:15] [Server thread/INFO]: Saving players
[21:21:15] [Server thread/INFO]: Saving worlds
[21:21:15] [Server thread/INFO]: Saving chunks for level 'ServerLevel[world]'/minecraft:overworld
[21:21:16] [Server thread/INFO]: Saving chunks for level 'ServerLevel[world]'/minecraft:the_end
[21:21:16] [Server thread/INFO]: Saving chunks for level 'ServerLevel[world]'/minecraft:the_nether
[21:21:16] [Server thread/INFO]: ThreadedAnvilChunkStorage (world): All chunks are saved
[21:21:16] [Server thread/INFO]: ThreadedAnvilChunkStorage (DIM1): All chunks are saved
[21:21:16] [Server thread/INFO]: ThreadedAnvilChunkStorage (DIM-1): All chunks are saved
[21:21:16] [Server thread/INFO]: ThreadedAnvilChunkStorage: All dimensions are saved
